This is pdfTeX, Version 3.141592653-2.6-1.40.22 (TeX Live 2022/dev/Debian) (preloaded format=pdflatex 2024.8.8)  10 DEC 2024 01:52
entering extended mode
 \write18 enabled.
 file:line:error style messages enabled.
 %&-line parsing enabled.
**/home/raspberry/Documents/ECPE-174/FinalProject/Report2/report
(/home/raspberry/Documents/ECPE-174/FinalProject/Report2/report.tex
LaTeX2e <2021-11-15> patch level 1
L3 programming layer <2022-01-21> (/usr/share/texlive/texmf-dist/tex/latex/base/report.cls
Document Class: report 2021/10/04 v1.4n Standard LaTeX document class
(/usr/share/texlive/texmf-dist/tex/latex/base/size10.clo
File: size10.clo 2021/10/04 v1.4n Standard LaTeX file (size option)
)
\c@part=\count185
\c@chapter=\count186
\c@section=\count187
\c@subsection=\count188
\c@subsubsection=\count189
\c@paragraph=\count190
\c@subparagraph=\count191
\c@figure=\count192
\c@table=\count193
\abovecaptionskip=\skip47
\belowcaptionskip=\skip48
\bibindent=\dimen138
) (/usr/share/texlive/texmf-dist/tex/latex/geometry/geometry.sty
Package: geometry 2020/01/02 v5.9 Page Geometry
 (/usr/share/texlive/texmf-dist/tex/latex/graphics/keyval.sty
Package: keyval 2014/10/28 v1.15 key=value parser (DPC)
\KV@toks@=\toks16
) (/usr/share/texlive/texmf-dist/tex/generic/iftex/ifvtex.sty
Package: ifvtex 2019/10/25 v1.7 ifvtex legacy package. Use iftex instead.
 (/usr/share/texlive/texmf-dist/tex/generic/iftex/iftex.sty
Package: iftex 2020/03/06 v1.0d TeX engine tests
))
\Gm@cnth=\count194
\Gm@cntv=\count195
\c@Gm@tempcnt=\count196
\Gm@bindingoffset=\dimen139
\Gm@wd@mp=\dimen140
\Gm@odd@mp=\dimen141
\Gm@even@mp=\dimen142
\Gm@layoutwidth=\dimen143
\Gm@layoutheight=\dimen144
\Gm@layouthoffset=\dimen145
\Gm@layoutvoffset=\dimen146
\Gm@dimlist=\toks17
) (/usr/share/texlive/texmf-dist/tex/latex/minted/minted.sty
Package: minted 2021/12/24 v2.6 Yet another Pygments shim for LaTeX
 (/usr/share/texlive/texmf-dist/tex/latex/kvoptions/kvoptions.sty
Package: kvoptions 2020-10-07 v3.14 Key value format for package options (HO)
 (/usr/share/texlive/texmf-dist/tex/generic/ltxcmds/ltxcmds.sty
Package: ltxcmds 2020-05-10 v1.25 LaTeX kernel commands for general use (HO)
) (/usr/share/texlive/texmf-dist/tex/generic/kvsetkeys/kvsetkeys.sty
Package: kvsetkeys 2019/12/15 v1.18 Key value parser (HO)
)) (/usr/share/texlive/texmf-dist/tex/latex/fvextra/fvextra.sty
Package: fvextra 2019/02/04 v1.4 fvextra - extensions and patches for fancyvrb
 (/usr/share/texlive/texmf-dist/tex/latex/base/ifthen.sty
Package: ifthen 2020/11/24 v1.1c Standard LaTeX ifthen package (DPC)
) (/usr/share/texlive/texmf-dist/tex/latex/etoolbox/etoolbox.sty
Package: etoolbox 2020/10/05 v2.5k e-TeX tools for LaTeX (JAW)
\etb@tempcnta=\count197
) (/usr/share/texlive/texmf-dist/tex/latex/fancyvrb/fancyvrb.sty
Package: fancyvrb 2021/12/21 4.1b verbatim text (tvz,hv)
\FV@CodeLineNo=\count198
\FV@InFile=\read2
\FV@TabBox=\box50
\c@FancyVerbLine=\count199
\FV@StepNumber=\count266
\FV@OutFile=\write3
) (/usr/share/texlive/texmf-dist/tex/latex/upquote/upquote.sty
Package: upquote 2012/04/19 v1.3 upright-quote and grave-accent glyphs in verbatim
) (/usr/share/texlive/texmf-dist/tex/latex/lineno/lineno.sty
Package: lineno 2005/11/02 line numbers on paragraphs v4.41
\linenopenalty=\count267
\output=\toks18
\linenoprevgraf=\count268
\linenumbersep=\dimen147
\linenumberwidth=\dimen148
\c@linenumber=\count269
\c@pagewiselinenumber=\count270
\c@LN@truepage=\count271
\c@internallinenumber=\count272
\c@internallinenumbers=\count273
\quotelinenumbersep=\dimen149
\bframerule=\dimen150
\bframesep=\dimen151
\bframebox=\box51
LaTeX Info: Redefining \\ on input line 3056.
)
\c@FV@TrueTabGroupLevel=\count274
\c@FV@TrueTabCounter=\count275
\FV@TabBox@Group=\box52
\FV@TmpLength=\skip49
\c@FV@HighlightLinesStart=\count276
\c@FV@HighlightLinesStop=\count277
\FV@LoopCount=\count278
\FV@NCharsBox=\box53
\FV@BreakIndent=\dimen152
\FV@BreakIndentNChars=\count279
\FV@BreakSymbolSepLeft=\dimen153
\FV@BreakSymbolSepLeftNChars=\count280
\FV@BreakSymbolSepRight=\dimen154
\FV@BreakSymbolSepRightNChars=\count281
\FV@BreakSymbolIndentLeft=\dimen155
\FV@BreakSymbolIndentLeftNChars=\count282
\FV@BreakSymbolIndentRight=\dimen156
\FV@BreakSymbolIndentRightNChars=\count283
\c@FancyVerbLineBreakLast=\count284
\FV@LineBox=\box54
\FV@LineIndentBox=\box55
\FV@LineWidth=\dimen157
) (/usr/share/texlive/texmf-dist/tex/latex/tools/calc.sty
Package: calc 2017/05/25 v4.3 Infix arithmetic (KKT,FJ)
\calc@Acount=\count285
\calc@Bcount=\count286
\calc@Adimen=\dimen158
\calc@Bdimen=\dimen159
\calc@Askip=\skip50
\calc@Bskip=\skip51
LaTeX Info: Redefining \setlength on input line 80.
LaTeX Info: Redefining \addtolength on input line 81.
\calc@Ccount=\count287
\calc@Cskip=\skip52
) (/usr/share/texlive/texmf-dist/tex/latex/tools/shellesc.sty
Package: shellesc 2019/11/08 v1.0c unified shell escape interface for LaTeX
Package shellesc Info: Unrestricted shell escape enabled on input line 75.
) (/usr/share/texlive/texmf-dist/tex/latex/ifplatform/ifplatform.sty
Package: ifplatform 2017/10/13 v0.4a Testing for the operating system
 (/usr/share/texlive/texmf-dist/tex/generic/pdftexcmds/pdftexcmds.sty
Package: pdftexcmds 2020-06-27 v0.33 Utility functions of pdfTeX for LuaTeX (HO)
 (/usr/share/texlive/texmf-dist/tex/generic/infwarerr/infwarerr.sty
Package: infwarerr 2019/12/03 v1.5 Providing info/warning/error messages (HO)
)
Package pdftexcmds Info: \pdf@primitive is available.
Package pdftexcmds Info: \pdf@ifprimitive is available.
Package pdftexcmds Info: \pdfdraftmode found.
) (/usr/share/texlive/texmf-dist/tex/generic/catchfile/catchfile.sty
Package: catchfile 2019/12/09 v1.8 Catch the contents of a file (HO)
 (/usr/share/texlive/texmf-dist/tex/generic/etexcmds/etexcmds.sty
Package: etexcmds 2019/12/15 v1.7 Avoid name clashes with e-TeX commands (HO)
)) (/usr/share/texlive/texmf-dist/tex/generic/iftex/ifluatex.sty
Package: ifluatex 2019/10/25 v1.5 ifluatex legacy package. Use iftex instead.
)
runsystem(uname -s > "report.w18")...executed.

 (./report.w18)
runsystem(rm -- "report.w18")...executed.

) (/usr/share/texlive/texmf-dist/tex/generic/xstring/xstring.sty (/usr/share/texlive/texmf-dist/tex/generic/xstring/xstring.tex
\integerpart=\count288
\decimalpart=\count289
)
Package: xstring 2021/07/21 v1.84 String manipulations (CT)
) (/usr/share/texlive/texmf-dist/tex/latex/framed/framed.sty
Package: framed 2011/10/22 v 0.96: framed or shaded text with page breaks
\OuterFrameSep=\skip53
\fb@frw=\dimen160
\fb@frh=\dimen161
\FrameRule=\dimen162
\FrameSep=\dimen163
) (/usr/share/texlive/texmf-dist/tex/latex/float/float.sty
Package: float 2001/11/08 v1.3d Float enhancements (AL)
\c@float@type=\count290
\float@exts=\toks19
\float@box=\box56
\@float@everytoks=\toks20
\@floatcapt=\box57
)
\minted@appexistsfile=\read3
\minted@bgbox=\box58
\minted@code=\write4
\c@minted@FancyVerbLineTemp=\count291
\c@minted@pygmentizecounter=\count292
\@float@every@listing=\toks21
\c@listing=\count293
)
runsystem(mkdir -p _minted-report)...executed.

 (/usr/share/texlive/texmf-dist/tex/latex/graphics/graphicx.sty
Package: graphicx 2021/09/16 v1.2d Enhanced LaTeX Graphics (DPC,SPQR)
 (/usr/share/texlive/texmf-dist/tex/latex/graphics/graphics.sty
Package: graphics 2021/03/04 v1.4d Standard LaTeX Graphics (DPC,SPQR)
 (/usr/share/texlive/texmf-dist/tex/latex/graphics/trig.sty
Package: trig 2021/08/11 v1.11 sin cos tan (DPC)
) (/usr/share/texlive/texmf-dist/tex/latex/graphics-cfg/graphics.cfg
File: graphics.cfg 2016/06/04 v1.11 sample graphics configuration
)
Package graphics Info: Driver file: pdftex.def on input line 107.
 (/usr/share/texlive/texmf-dist/tex/latex/graphics-def/pdftex.def
File: pdftex.def 2020/10/05 v1.2a Graphics/color driver for pdftex
))
\Gin@req@height=\dimen164
\Gin@req@width=\dimen165
) (/usr/share/texlive/texmf-dist/tex/latex/titlesec/titlesec.sty
Package: titlesec 2021/07/05 v2.14 Sectioning titles
\ttl@box=\box59
\beforetitleunit=\skip54
\aftertitleunit=\skip55
\ttl@plus=\dimen166
\ttl@minus=\dimen167
\ttl@toksa=\toks22
\titlewidth=\dimen168
\titlewidthlast=\dimen169
\titlewidthfirst=\dimen170
) (/usr/share/texlive/texmf-dist/tex/latex/hyperref/hyperref.sty
Package: hyperref 2021-06-07 v7.00m Hypertext links for LaTeX
 (/usr/share/texlive/texmf-dist/tex/generic/kvdefinekeys/kvdefinekeys.sty
Package: kvdefinekeys 2019-12-19 v1.6 Define keys (HO)
) (/usr/share/texlive/texmf-dist/tex/generic/pdfescape/pdfescape.sty
Package: pdfescape 2019/12/09 v1.15 Implements pdfTeX's escape features (HO)
) (/usr/share/texlive/texmf-dist/tex/latex/hycolor/hycolor.sty
Package: hycolor 2020-01-27 v1.10 Color options for hyperref/bookmark (HO)
) (/usr/share/texlive/texmf-dist/tex/latex/letltxmacro/letltxmacro.sty
Package: letltxmacro 2019/12/03 v1.6 Let assignment for LaTeX macros (HO)
) (/usr/share/texlive/texmf-dist/tex/latex/auxhook/auxhook.sty
Package: auxhook 2019-12-17 v1.6 Hooks for auxiliary files (HO)
)
\@linkdim=\dimen171
\Hy@linkcounter=\count294
\Hy@pagecounter=\count295
 (/usr/share/texlive/texmf-dist/tex/latex/hyperref/pd1enc.def
File: pd1enc.def 2021-06-07 v7.00m Hyperref: PDFDocEncoding definition (HO)
Now handling font encoding PD1 ...
... no UTF-8 mapping file for font encoding PD1
) (/usr/share/texlive/texmf-dist/tex/latex/hyperref/hyperref-langpatches.def
File: hyperref-langpatches.def 2021-06-07 v7.00m Hyperref: patches for babel languages
) (/usr/share/texlive/texmf-dist/tex/generic/intcalc/intcalc.sty
Package: intcalc 2019/12/15 v1.3 Expandable calculations with integers (HO)
)
\Hy@SavedSpaceFactor=\count296
 (/usr/share/texlive/texmf-dist/tex/latex/hyperref/puenc.def
File: puenc.def 2021-06-07 v7.00m Hyperref: PDF Unicode definition (HO)
Now handling font encoding PU ...
... no UTF-8 mapping file for font encoding PU
)
Package hyperref Info: Hyper figures OFF on input line 4192.
Package hyperref Info: Link nesting OFF on input line 4197.
Package hyperref Info: Hyper index ON on input line 4200.
Package hyperref Info: Plain pages OFF on input line 4207.
Package hyperref Info: Backreferencing OFF on input line 4212.
Package hyperref Info: Implicit mode ON; LaTeX internals redefined.
Package hyperref Info: Bookmarks ON on input line 4445.
\c@Hy@tempcnt=\count297
 (/usr/share/texlive/texmf-dist/tex/latex/url/url.sty
\Urlmuskip=\muskip16
Package: url 2013/09/16  ver 3.4  Verb mode for urls, etc.
)
LaTeX Info: Redefining \url on input line 4804.
\XeTeXLinkMargin=\dimen172
 (/usr/share/texlive/texmf-dist/tex/generic/bitset/bitset.sty
Package: bitset 2019/12/09 v1.3 Handle bit-vector datatype (HO)
 (/usr/share/texlive/texmf-dist/tex/generic/bigintcalc/bigintcalc.sty
Package: bigintcalc 2019/12/15 v1.5 Expandable calculations on big integers (HO)
))
\Fld@menulength=\count298
\Field@Width=\dimen173
\Fld@charsize=\dimen174
Package hyperref Info: Hyper figures OFF on input line 6076.
Package hyperref Info: Link nesting OFF on input line 6081.
Package hyperref Info: Hyper index ON on input line 6084.
Package hyperref Info: backreferencing OFF on input line 6091.
Package hyperref Info: Link coloring OFF on input line 6096.
Package hyperref Info: Link coloring with OCG OFF on input line 6101.
Package hyperref Info: PDF/A mode OFF on input line 6106.
LaTeX Info: Redefining \ref on input line 6146.
LaTeX Info: Redefining \pageref on input line 6150.
 (/usr/share/texlive/texmf-dist/tex/latex/base/atbegshi-ltx.sty
Package: atbegshi-ltx 2021/01/10 v1.0c Emulation of the original atbegshi
package with kernel methods
)
\Hy@abspage=\count299
\c@Item=\count300
\c@Hfootnote=\count301
)
Package hyperref Info: Driver (autodetected): hpdftex.
 (/usr/share/texlive/texmf-dist/tex/latex/hyperref/hpdftex.def
File: hpdftex.def 2021-06-07 v7.00m Hyperref driver for pdfTeX
 (/usr/share/texlive/texmf-dist/tex/latex/base/atveryend-ltx.sty
Package: atveryend-ltx 2020/08/19 v1.0a Emulation of the original atveryend package
with kernel methods
)
\Fld@listcount=\count302
\c@bookmark@seq@number=\count303
 (/usr/share/texlive/texmf-dist/tex/latex/rerunfilecheck/rerunfilecheck.sty
Package: rerunfilecheck 2019/12/05 v1.9 Rerun checks for auxiliary files (HO)
 (/usr/share/texlive/texmf-dist/tex/generic/uniquecounter/uniquecounter.sty
Package: uniquecounter 2019/12/15 v1.4 Provide unlimited unique counter (HO)
)
Package uniquecounter Info: New unique counter `rerunfilecheck' on input line 286.
)
\Hy@SectionHShift=\skip56
) (/usr/share/texlive/texmf-dist/tex/latex/xcolor/xcolor.sty
Package: xcolor 2021/10/31 v2.13 LaTeX color extensions (UK)
 (/usr/share/texlive/texmf-dist/tex/latex/graphics-cfg/color.cfg
File: color.cfg 2016/01/02 v1.6 sample color configuration
)
Package xcolor Info: Driver file: pdftex.def on input line 227.
Package xcolor Info: Model `cmy' substituted by `cmy0' on input line 1352.
Package xcolor Info: Model `hsb' substituted by `rgb' on input line 1356.
Package xcolor Info: Model `RGB' extended on input line 1368.
Package xcolor Info: Model `HTML' substituted by `rgb' on input line 1370.
Package xcolor Info: Model `Hsb' substituted by `hsb' on input line 1371.
Package xcolor Info: Model `tHsb' substituted by `hsb' on input line 1372.
Package xcolor Info: Model `HSB' substituted by `hsb' on input line 1373.
Package xcolor Info: Model `Gray' substituted by `gray' on input line 1374.
Package xcolor Info: Model `wave' substituted by `hsb' on input line 1375.
)
runsystem(which pygmentize && touch report.aex)...executed.

runsystem(rm report.aex)...executed.

 (/usr/share/texlive/texmf-dist/tex/latex/l3backend/l3backend-pdftex.def
File: l3backend-pdftex.def 2022-01-12 L3 backend support: PDF output (pdfTeX)
\l__color_backend_stack_int=\count304
\l__pdf_internal_box=\box60
) (./report.aux)
\openout1 = `report.aux'.

LaTeX Font Info:    Checking defaults for OML/cmm/m/it on input line 16.
LaTeX Font Info:    ... okay on input line 16.
LaTeX Font Info:    Checking defaults for OMS/cmsy/m/n on input line 16.
LaTeX Font Info:    ... okay on input line 16.
LaTeX Font Info:    Checking defaults for OT1/cmr/m/n on input line 16.
LaTeX Font Info:    ... okay on input line 16.
LaTeX Font Info:    Checking defaults for T1/cmr/m/n on input line 16.
LaTeX Font Info:    ... okay on input line 16.
LaTeX Font Info:    Checking defaults for TS1/cmr/m/n on input line 16.
LaTeX Font Info:    ... okay on input line 16.
LaTeX Font Info:    Checking defaults for OMX/cmex/m/n on input line 16.
LaTeX Font Info:    ... okay on input line 16.
LaTeX Font Info:    Checking defaults for U/cmr/m/n on input line 16.
LaTeX Font Info:    ... okay on input line 16.
LaTeX Font Info:    Checking defaults for PD1/pdf/m/n on input line 16.
LaTeX Font Info:    ... okay on input line 16.
LaTeX Font Info:    Checking defaults for PU/pdf/m/n on input line 16.
LaTeX Font Info:    ... okay on input line 16.

*geometry* driver: auto-detecting
*geometry* detected driver: pdftex
*geometry* verbose mode - [ preamble ] result:
* driver: pdftex
* paper: <default>
* layout: <same size as paper>
* layoutoffset:(h,v)=(0.0pt,0.0pt)
* modes: 
* h-part:(L,W,R)=(65.04256pt, 484.20988pt, 65.04256pt)
* v-part:(T,H,B)=(65.04256pt, 664.88487pt, 65.04256pt)
* \paperwidth=614.295pt
* \paperheight=794.96999pt
* \textwidth=484.20988pt
* \textheight=664.88487pt
* \oddsidemargin=-7.22743pt
* \evensidemargin=-7.22743pt
* \topmargin=-44.22743pt
* \headheight=12.0pt
* \headsep=25.0pt
* \topskip=10.0pt
* \footskip=30.0pt
* \marginparwidth=65.0pt
* \marginparsep=11.0pt
* \columnsep=10.0pt
* \skip\footins=9.0pt plus 4.0pt minus 2.0pt
* \hoffset=0.0pt
* \voffset=0.0pt
* \mag=1000
* \@twocolumnfalse
* \@twosidefalse
* \@mparswitchfalse
* \@reversemarginfalse
* (1in=72.27pt=25.4mm, 1cm=28.453pt)

(/usr/share/texlive/texmf-dist/tex/context/base/mkii/supp-pdf.mkii
[Loading MPS to PDF converter (version 2006.09.02).]
\scratchcounter=\count305
\scratchdimen=\dimen175
\scratchbox=\box61
\nofMPsegments=\count306
\nofMParguments=\count307
\everyMPshowfont=\toks23
\MPscratchCnt=\count308
\MPscratchDim=\dimen176
\MPnumerator=\count309
\makeMPintoPDFobject=\count310
\everyMPtoPDFconversion=\toks24
) (/usr/share/texlive/texmf-dist/tex/latex/epstopdf-pkg/epstopdf-base.sty
Package: epstopdf-base 2020-01-24 v2.11 Base part for package epstopdf
Package epstopdf-base Info: Redefining graphics rule for `.eps' on input line 485.
 (/usr/share/texlive/texmf-dist/tex/latex/latexconfig/epstopdf-sys.cfg
File: epstopdf-sys.cfg 2010/07/13 v1.3 Configuration of (r)epstopdf for TeX Live
))
Package hyperref Info: Link coloring OFF on input line 16.
 (/usr/share/texlive/texmf-dist/tex/latex/hyperref/nameref.sty
Package: nameref 2021-04-02 v2.47 Cross-referencing by name of section
 (/usr/share/texlive/texmf-dist/tex/latex/refcount/refcount.sty
Package: refcount 2019/12/15 v3.6 Data extraction from label references (HO)
) (/usr/share/texlive/texmf-dist/tex/generic/gettitlestring/gettitlestring.sty
Package: gettitlestring 2019/12/15 v1.6 Cleanup title references (HO)
)
\c@section@level=\count311
)
LaTeX Info: Redefining \ref on input line 16.
LaTeX Info: Redefining \pageref on input line 16.
LaTeX Info: Redefining \nameref on input line 16.
 (./report.out) (./report.out)
\@outlinefile=\write5
\openout5 = `report.out'.

LaTeX Font Info:    External font `cmex10' loaded for size
(Font)              <12> on input line 21.
LaTeX Font Info:    External font `cmex10' loaded for size
(Font)              <8> on input line 21.
LaTeX Font Info:    External font `cmex10' loaded for size
(Font)              <6> on input line 21.
 [1

{/var/lib/texmf/fonts/map/pdftex/updmap/pdftex.map}] (./report.toc
LaTeX Font Info:    External font `cmex10' loaded for size
(Font)              <7> on input line 2.
LaTeX Font Info:    External font `cmex10' loaded for size
(Font)              <5> on input line 2.
)
\tf@toc=\write6
\openout6 = `report.toc'.

pdfTeX warning (ext4): destination with the same identifier (name{page.1}) has been already used, duplicate ignored
<to be read again> 
                   \relax 
l.23 \newpage
              [1

]
Chapter 1.
[2

]
Chapter 2.
<images/image4.png, id=159, 1047.915pt x 646.415pt>
File: images/image4.png Graphic file (type png)
<use images/image4.png>
Package pdftex.def Info: images/image4.png  used on input line 60.
(pdftex.def)             Requested size: 484.20988pt x 298.68608pt.
[3

 <./images/image4.png>]
\openout3 = `report.pyg'.

 (./_minted-report/xcode.pygstyle) (./_minted-report/F199E29D6B9B700EC53C57D1A2D5E7547A874EB65C6225BA1FDCDB18911AF85F.pygtex)
Underfull \hbox (badness 10000) in paragraph at lines 73--87

 []

[4]
\openout3 = `report.pyg'.

 (./_minted-report/02CEC6BB1E6D865B5C21408F5C89BF407A874EB65C6225BA1FDCDB18911AF85F.pygtex) [5]
\openout3 = `report.pyg'.

 (./_minted-report/C5550FA7A89B34785CB15CEF87F8C6BA7A874EB65C6225BA1FDCDB18911AF85F.pygtex) [6] (./_minted-report/4D0BA85E8F017CE9A0C69B03053342B9C15CDDFC637182DCF765ECBB1F6D32DE.pygtex) [7]
\openout3 = `report.pyg'.

 (./_minted-report/6A1177CFCD801CA1596ACB1CE05E0EE57A874EB65C6225BA1FDCDB18911AF85F.pygtex)
\openout4 = `report.pyg'.

 (./_minted-report/FBE2B91316DEDFD052E28B8406155BBA7A874EB65C6225BA1FDCDB18911AF85F.pygtex)
\openout4 = `report.pyg'.

 (./_minted-report/6601549B74811124E4712BBFA1E8F25E7A874EB65C6225BA1FDCDB18911AF85F.pygtex)
<images/image2.png, id=204, 466.74374pt x 287.8755pt>
File: images/image2.png Graphic file (type png)
<use images/image2.png>
Package pdftex.def Info: images/image2.png  used on input line 227.
(pdftex.def)             Requested size: 420.06549pt x 259.08554pt.
\openout4 = `report.pyg'.

 (./_minted-report/FBE2B91316DEDFD052E28B8406155BBA7A874EB65C6225BA1FDCDB18911AF85F.pygtex)
\openout4 = `report.pyg'.

 (./_minted-report/6601549B74811124E4712BBFA1E8F25E7A874EB65C6225BA1FDCDB18911AF85F.pygtex) [8 <./images/image2.png>] (./_minted-report/D9D8B79CAC46B96A01FB723296E8F78829213C145E862647895F6B3CE6E5B0A1.pygtex) (./_minted-report/9ECCA74F675A39CDF00A3D5FC188BFFF1C574999FCD7758368C67AF52F5C4D6B.pygtex) [9] (./_minted-report/AF2286E78377E27D3A05DDCFD572DB38B72CDC763B7FCB2DCC71DE2307062270.pygtex) (./_minted-report/FC615D2D892CD9DCF9E84A3050E2ACEE94B24948D230D7D0A6F67BCC0640BB99.pygtex) (./_minted-report/1CF24F5A76DF5AD6AF047A5384BD9A347033A770C0BA9FAEF26C812C88E1A0CC.pygtex) [10] [11]
Chapter 3.
(./_minted-report/4799AB21FEAD9BC66B148AE5A8F7E0B179AB87B659588B95737CE70669BF5ED7.pygtex) [12

] (./_minted-report/16D97962649991E2E6B2B3D7C458F8E51BE2B74B6953D04D976340000EDFF02F.pygtex) (./_minted-report/49EFA0BF84D36D9BF6FB2B39D890FA2A7969FD75BA40A102F1B011C72AF4DCA0.pygtex) (./_minted-report/0C5B7D68D1B7BC040C2243D4F32B50AB9D1C338CE3EE50C229420653D2206DDF.pygtex) [13]
<images/rng_plot.png, id=248, 409.7709pt x 323.7696pt>
File: images/rng_plot.png Graphic file (type png)
<use images/rng_plot.png>
Package pdftex.def Info: images/rng_plot.png  used on input line 322.
(pdftex.def)             Requested size: 204.88495pt x 161.8844pt.
 [14 <./images/rng_plot.png>] (./_minted-report/435E58E628F2398EFE277A0F3AD4AE1610C5E7252F6E1D517D27ACFC967B3178.pygtex) [15] [16]
Chapter 4.
<images/image3.png, id=268, 925.65825pt x 356.532pt>
File: images/image3.png Graphic file (type png)
<use images/image3.png>
Package pdftex.def Info: images/image3.png  used on input line 377.
(pdftex.def)             Requested size: 363.15741pt x 139.87926pt.
<images/image1.png, id=269, 1123.19624pt x 551.661pt>
File: images/image1.png Graphic file (type png)
<use images/image1.png>
Package pdftex.def Info: images/image1.png  used on input line 383.
(pdftex.def)             Requested size: 363.15741pt x 178.36176pt.
[17

 <./images/image3.png> <./images/image1.png>]
Chapter 5.

Underfull \hbox (badness 10000) in paragraph at lines 389--393

 []


Underfull \hbox (badness 10000) in paragraph at lines 389--393

 []


Underfull \hbox (badness 10000) in paragraph at lines 389--393

 []

[18

]
Chapter 6.
[19

]
Chapter 7.
[20

]
Chapter 8.
[21

]
Appendix A.
(./_minted-report/22F75C7AD09387DCF73EFF139E91BEE9DF5C9E0BB21BE58E985E6769CF94CF43.pygtex) (./_minted-report/BFDBCE36651FE693686750D4F0A9F5615D313E7D0B8208CB6AEAF2CEA9D79EE7.pygtex [22

]) (./_minted-report/CC93198EF83C6C7F72FD447238898BA50BEA4621591325BE5DDFE8AD3CD6319B.pygtex [23] [24]) [25] (./report.aux)
Package rerunfilecheck Info: File `report.out' has not changed.
(rerunfilecheck)             Checksum: 3E73EDFBC11ED81F5F1BD05A1322AC4A;3787.
runsystem(rm report.pyg)...executed.

 ) 
Here is how much of TeX's memory you used:
 12965 strings out of 480247
 227188 string characters out of 5896152
 583343 words of memory out of 5000000
 30574 multiletter control sequences out of 15000+600000
 475257 words of font info for 49 fonts, out of 8000000 for 9000
 14 hyphenation exceptions out of 8191
 74i,8n,77p,1168b,694s stack positions out of 5000i,500n,10000p,200000b,80000s
 </home/raspberry/.texlive2021/texmf-var/fonts/pk/ljfour/jknappen/ec/tcrm1000.600pk></usr/share/texlive/texmf-dist/fonts/type1/public/amsfonts/cm/cmbx10.pfb></usr/share/texlive/texmf-dist/fonts/type1/public/amsfonts/cm/cmbx12.pfb></usr/share/texlive/texmf-dist/fonts/type1/public/amsfonts/cm/cmr10.pfb></usr/share/texlive/texmf-dist/fonts/type1/public/amsfonts/cm/cmr12.pfb></usr/share/texlive/texmf-dist/fonts/type1/public/amsfonts/cm/cmr17.pfb></usr/share/texlive/texmf-dist/fonts/type1/public/amsfonts/cm/cmr5.pfb></usr/share/texlive/texmf-dist/fonts/type1/public/amsfonts/cm/cmsy10.pfb></usr/share/texlive/texmf-dist/fonts/type1/public/amsfonts/cm/cmtt10.pfb></usr/share/texlive/texmf-dist/fonts/type1/public/amsfonts/cm/cmtt8.pfb></usr/share/texlive/texmf-dist/fonts/type1/public/amsfonts/cm/cmtt9.pfb>
Output written on report.pdf (26 pages, 580677 bytes).
PDF statistics:
 388 PDF objects out of 1000 (max. 8388607)
 325 compressed objects within 4 object streams
 97 named destinations out of 1000 (max. 500000)
 234 words of extra memory for PDF output out of 10000 (max. 10000000)

