\BOOKMARK [0][-]{chapter.1}{\376\377\000P\000r\000o\000j\000e\000c\000t\000\040\000O\000v\000e\000r\000v\000i\000e\000w\000\040\000a\000n\000d\000\040\000O\000b\000j\000e\000c\000t\000i\000v\000e\000s}{}% 1
\BOOKMARK [1][-]{section.1.1}{\376\377\000O\000v\000e\000r\000v\000i\000e\000w}{chapter.1}% 2
\BOOKMARK [1][-]{section.1.2}{\376\377\000O\000b\000j\000e\000c\000t\000i\000v\000e\000s}{chapter.1}% 3
\BOOKMARK [0][-]{chapter.2}{\376\377\000D\000e\000s\000i\000g\000n\000\040\000P\000r\000o\000c\000e\000s\000s}{}% 4
\BOOKMARK [1][-]{section.2.1}{\376\377\000S\000y\000s\000t\000e\000m\000\040\000D\000e\000s\000i\000g\000n}{chapter.2}% 5
\BOOKMARK [1][-]{section.2.2}{\376\377\000H\000a\000r\000d\000w\000a\000r\000e\000\040\000D\000e\000s\000i\000g\000n}{chapter.2}% 6
\BOOKMARK [1][-]{section.2.3}{\376\377\000F\000i\000n\000i\000t\000e\000\040\000S\000t\000a\000t\000e\000\040\000M\000a\000c\000h\000i\000n\000e\000\040\000D\000e\000s\000i\000g\000n}{chapter.2}% 7
\BOOKMARK [1][-]{section.2.4}{\376\377\000R\000a\000n\000d\000o\000m\000\040\000S\000e\000q\000u\000e\000n\000c\000e\000\040\000G\000e\000n\000e\000r\000a\000t\000i\000o\000n}{chapter.2}% 8
\BOOKMARK [2][-]{subsection.2.4.1}{\376\377\000S\000e\000e\000d\000\040\000G\000e\000n\000e\000r\000a\000t\000i\000o\000n}{section.2.4}% 9
\BOOKMARK [2][-]{subsection.2.4.2}{\376\377\000R\000a\000n\000d\000o\000m\000\040\000N\000u\000m\000b\000e\000r\000\040\000G\000e\000n\000e\000r\000a\000t\000i\000o\000n}{section.2.4}% 10
\BOOKMARK [2][-]{subsection.2.4.3}{\376\377\000S\000e\000q\000u\000e\000n\000c\000e\000\040\000G\000e\000n\000e\000r\000a\000t\000i\000o\000n}{section.2.4}% 11
\BOOKMARK [0][-]{chapter.3}{\376\377\000T\000e\000s\000t\000i\000n\000g\000\040\000P\000r\000o\000c\000e\000d\000u\000r\000e}{}% 12
\BOOKMARK [1][-]{section.3.1}{\376\377\000S\000e\000e\000d\000g\000e\000n\000e\000r\000a\000t\000o\000r\000\040\000T\000e\000s\000t\000b\000e\000n\000c\000h}{chapter.3}% 13
\BOOKMARK [1][-]{section.3.2}{\376\377\000X\000O\000R\000s\000h\000i\000f\000t\000\040\000T\000e\000s\000t\000b\000e\000n\000c\000h}{chapter.3}% 14
\BOOKMARK [1][-]{section.3.3}{\376\377\000S\000e\000q\000u\000e\000n\000c\000e\000\040\000G\000e\000n\000e\000r\000a\000t\000i\000o\000n\000\040\000T\000e\000s\000t\000b\000e\000n\000c\000h}{chapter.3}% 15
\BOOKMARK [1][-]{section.3.4}{\376\377\000T\000o\000p\000\040\000M\000o\000d\000u\000l\000e\000\040\000T\000e\000s\000t\000b\000e\000n\000c\000h}{chapter.3}% 16
\BOOKMARK [2][-]{subsection.3.4.1}{\376\377\000T\000e\000s\000t\000b\000e\000n\000c\000h\000\040\000D\000e\000s\000i\000g\000n\000\040\000A\000p\000p\000r\000o\000a\000c\000h}{section.3.4}% 17
\BOOKMARK [0][-]{chapter.4}{\376\377\000R\000e\000s\000u\000l\000t\000s}{}% 18
\BOOKMARK [0][-]{chapter.5}{\376\377\000A\000n\000a\000l\000y\000s\000i\000s}{}% 19
\BOOKMARK [0][-]{chapter.6}{\376\377\000T\000a\000s\000k\000\040\000B\000r\000e\000a\000k\000d\000o\000w\000n}{}% 20
\BOOKMARK [0][-]{chapter.7}{\376\377\000C\000o\000n\000c\000l\000u\000s\000i\000o\000n}{}% 21
\BOOKMARK [0][-]{chapter.8}{\376\377\000L\000i\000n\000k\000s\000\040\000a\000n\000d\000\040\000R\000e\000f\000e\000r\000e\000n\000c\000e\000s}{}% 22
\BOOKMARK [0][-]{appendix.A}{\376\377\000O\000t\000h\000e\000r\000\040\000C\000o\000d\000e}{}% 23
\BOOKMARK [1][-]{section.A.1}{\376\377\000C\000l\000o\000c\000k\000\040\000D\000i\000v\000i\000d\000e\000r}{appendix.A}% 24
\BOOKMARK [1][-]{section.A.2}{\376\377\000S\000y\000n\000c\000h\000r\000o\000n\000i\000z\000e\000r\000\040\000C\000o\000d\000e}{appendix.A}% 25
\BOOKMARK [1][-]{section.A.3}{\376\377\000F\000u\000l\000l\000\040\000T\000o\000p\000\040\000L\000e\000v\000e\000l\000\040\000M\000o\000d\000u\000l\000e\000\040\000+\000\040\000F\000S\000M\000\040\000C\000o\000d\000e}{appendix.A}% 26
